<?xml version="1.0" encoding="UTF-8"?>
<!-- Generated by org.testng.reporters.JUnitXMLReporter -->
<testsuite ignored="21" hostname="TALAN-7N2T0B5" failures="0" tests="3" name="Regression" time="328.912" errors="0" timestamp="2022-08-18T16:58:00 WAT">
  <testcase classname="com.MyStore.TestCases.OrdrePageTest" name="ValidateUnitPrice" time="33.763"/>
  <testcase classname="com.MyStore.TestCases.AddToCartPageTest" name="addToCartTest" time="21.824"/>
  <testcase classname="com.MyStore.TestCases.EndToEndTest" name="endToEndTest" time="183.905"/>
  <testcase classname="com.MyStore.TestCases.HomePageTest" name="WishListTest" time="0.0">
    <ignored/>
  </testcase> <!-- WishListTest -->
  <testcase classname="com.MyStore.TestCases.SearchResultPageTest" name="VerifyProduct" time="0.0">
    <ignored/>
  </testcase> <!-- VerifyProduct -->
  <testcase classname="com.MyStore.TestCases.HomePageTest" name="OrderHistoryTest" time="0.0">
    <ignored/>
  </testcase> <!-- OrderHistoryTest -->
  <testcase classname="com.MyStore.TestCases.IndexPageTest" name="VerifyTitle" time="0.0">
    <ignored/>
  </testcase> <!-- VerifyTitle -->
  <testcase classname="com.MyStore.TestCases.LoginPageTest" name="LoginTest" time="0.0">
    <ignored/>
  </testcase> <!-- LoginTest -->
  <testcase classname="com.MyStore.TestCases.IndexPageTest" name="VerifyLogo" time="0.0">
    <ignored/>
  </testcase> <!-- VerifyLogo -->
  <testcase classname="com.MyStore.base.BaseClass" name="@BeforeSuite log" time="0.0">
    <ignored/>
  </testcase> <!-- @BeforeSuite log -->
  <testcase classname="com.MyStore.base.BaseClass" name="@BeforeSuite log" time="0.0">
    <ignored/>
  </testcase> <!-- @BeforeSuite log -->
  <testcase classname="com.MyStore.base.BaseClass" name="@BeforeSuite log" time="0.0">
    <ignored/>
  </testcase> <!-- @BeforeSuite log -->
  <testcase classname="com.MyStore.base.BaseClass" name="@BeforeSuite log" time="0.0">
    <ignored/>
  </testcase> <!-- @BeforeSuite log -->
  <testcase classname="com.MyStore.base.BaseClass" name="@BeforeSuite log" time="0.0">
    <ignored/>
  </testcase> <!-- @BeforeSuite log -->
  <testcase classname="com.MyStore.base.BaseClass" name="@BeforeSuite log" time="0.0">
    <ignored/>
  </testcase> <!-- @BeforeSuite log -->
  <testcase classname="com.MyStore.base.BaseClass" name="@BeforeSuite log" time="0.0">
    <ignored/>
  </testcase> <!-- @BeforeSuite log -->
  <testcase classname="com.MyStore.base.BaseClass" name="@BeforeTest loadConfig" time="0.0">
    <ignored/>
  </testcase> <!-- @BeforeTest loadConfig -->
  <testcase classname="com.MyStore.base.BaseClass" name="@BeforeTest loadConfig" time="0.0">
    <ignored/>
  </testcase> <!-- @BeforeTest loadConfig -->
  <testcase classname="com.MyStore.base.BaseClass" name="@BeforeTest loadConfig" time="0.0">
    <ignored/>
  </testcase> <!-- @BeforeTest loadConfig -->
  <testcase classname="com.MyStore.base.BaseClass" name="@BeforeTest loadConfig" time="0.0">
    <ignored/>
  </testcase> <!-- @BeforeTest loadConfig -->
  <testcase classname="com.MyStore.base.BaseClass" name="@BeforeTest loadConfig" time="0.0">
    <ignored/>
  </testcase> <!-- @BeforeTest loadConfig -->
  <testcase classname="com.MyStore.base.BaseClass" name="@BeforeTest loadConfig" time="0.0">
    <ignored/>
  </testcase> <!-- @BeforeTest loadConfig -->
  <testcase classname="com.MyStore.base.BaseClass" name="@BeforeTest loadConfig" time="0.0">
    <ignored/>
  </testcase> <!-- @BeforeTest loadConfig -->
  <testcase classname="com.MyStore.TestCases.AccountCreationPageTest" name="VerifyCreatAcountPageTest" time="0.0">
    <ignored/>
  </testcase> <!-- VerifyCreatAcountPageTest -->
</testsuite> <!-- Regression -->
