<?xml version="1.0" encoding="UTF-8"?>
<!-- Generated by org.testng.reporters.JUnitXMLReporter -->
<testsuite ignored="0" hostname="TALAN-7N2T0B5" failures="1" tests="2" name="Smoke" time="15.993" errors="0" timestamp="2022-08-19T13:26:05 WAT">
  <testcase classname="com.MyStore.TestCases.IndexPageTest" name="VerifyLogo" time="0.102"/>
  <testcase classname="com.MyStore.TestCases.IndexPageTest" name="VerifyTitle" time="0.009">
    <failure type="java.lang.AssertionError" message="expected [My Store1] but found [My Store]">
      <![CDATA[java.lang.AssertionError: expected [My Store1] but found [My Store]
at com.MyStore.TestCases.IndexPageTest.VerifyTitle(IndexPageTest.java:52)
at java.base/java.util.ArrayList.forEach(ArrayList.java:1511)
... Removed 33 stack frames]]>
    </failure>
  </testcase> <!-- VerifyTitle -->
</testsuite> <!-- Smoke -->
